<?xml version="1.0" encoding="UTF-8"?>
<testng-results ignored="0" total="2" passed="2" failed="0" skipped="0">
  <reporter-output>
  </reporter-output>
  <suite started-at="2025-04-23T14:44:33 IST" name="Suite" finished-at="2025-04-23T14:45:07 IST" duration-ms="33860">
    <groups>
    </groups>
    <test started-at="2025-04-23T14:44:33 IST" name="Test" finished-at="2025-04-23T14:45:07 IST" duration-ms="33860">
      <class name="com.practice.sample.testscripts.VerifyProductAddToCartTest">
        <test-method is-config="true" signature="openBrowser()[pri:0, instance:com.practice.sample.testscripts.VerifyProductAddToCartTest@6eda5c9]" started-at="2025-04-23T14:44:33 IST" name="openBrowser" finished-at="2025-04-23T14:44:38 IST" duration-ms="5240" status="PASS">
          <reporter-output>
          </reporter-output>
        </test-method> <!-- openBrowser -->
        <test-method signature="productVerify()[pri:0, instance:com.practice.sample.testscripts.VerifyProductAddToCartTest@6eda5c9]" started-at="2025-04-23T14:44:38 IST" name="productVerify" finished-at="2025-04-23T14:44:48 IST" duration-ms="9913" status="PASS">
          <reporter-output>
          </reporter-output>
        </test-method> <!-- productVerify -->
        <test-method is-config="true" signature="afterTest()[pri:0, instance:com.practice.sample.testscripts.VerifyProductAddToCartTest@6eda5c9]" started-at="2025-04-23T14:44:48 IST" name="afterTest" finished-at="2025-04-23T14:44:50 IST" duration-ms="1702" status="PASS">
          <reporter-output>
          </reporter-output>
        </test-method> <!-- afterTest -->
      </class> <!-- com.practice.sample.testscripts.VerifyProductAddToCartTest -->
      <class name="com.practice.sample.testscripts.PlaceOrderTest">
        <test-method is-config="true" signature="openBrowser()[pri:0, instance:com.practice.sample.testscripts.PlaceOrderTest@12468a38]" started-at="2025-04-23T14:44:50 IST" name="openBrowser" finished-at="2025-04-23T14:44:54 IST" duration-ms="4129" status="PASS">
          <reporter-output>
          </reporter-output>
        </test-method> <!-- openBrowser -->
        <test-method signature="orderPlace()[pri:0, instance:com.practice.sample.testscripts.PlaceOrderTest@12468a38]" started-at="2025-04-23T14:44:54 IST" name="orderPlace" finished-at="2025-04-23T14:45:04 IST" duration-ms="9753" status="PASS">
          <reporter-output>
          </reporter-output>
        </test-method> <!-- orderPlace -->
        <test-method is-config="true" signature="afterTest()[pri:0, instance:com.practice.sample.testscripts.PlaceOrderTest@12468a38]" started-at="2025-04-23T14:45:04 IST" name="afterTest" finished-at="2025-04-23T14:45:07 IST" duration-ms="3043" status="PASS">
          <reporter-output>
          </reporter-output>
        </test-method> <!-- afterTest -->
      </class> <!-- com.practice.sample.testscripts.PlaceOrderTest -->
    </test> <!-- Test -->
  </suite> <!-- Suite -->
</testng-results>
