<?xml version="1.0" encoding="UTF-8"?>
<testng-results ignored="0" total="2" passed="2" failed="0" skipped="0">
  <reporter-output>
  </reporter-output>
  <suite started-at="2025-04-24T14:37:25 IST" name="Suite" finished-at="2025-04-24T14:37:55 IST" duration-ms="29980">
    <groups>
    </groups>
    <test started-at="2025-04-24T14:37:25 IST" name="Test" finished-at="2025-04-24T14:37:55 IST" duration-ms="29980">
      <class name="com.practice.sample.testscripts.VerifyProductAddToCartTest">
        <test-method is-config="true" signature="openBrowser()[pri:0, instance:com.practice.sample.testscripts.VerifyProductAddToCartTest@368f2016]" started-at="2025-04-24T14:37:25 IST" name="openBrowser" finished-at="2025-04-24T14:37:39 IST" duration-ms="14606" status="PASS">
          <reporter-output>
          </reporter-output>
        </test-method> <!-- openBrowser -->
        <test-method signature="productVerify()[pri:0, instance:com.practice.sample.testscripts.VerifyProductAddToCartTest@368f2016]" started-at="2025-04-24T14:37:39 IST" name="productVerify" finished-at="2025-04-24T14:37:45 IST" duration-ms="5818" status="PASS">
          <reporter-output>
          </reporter-output>
        </test-method> <!-- productVerify -->
        <test-method is-config="true" signature="afterTest()[pri:0, instance:com.practice.sample.testscripts.VerifyProductAddToCartTest@368f2016]" started-at="2025-04-24T14:37:45 IST" name="afterTest" finished-at="2025-04-24T14:37:45 IST" duration-ms="309" status="PASS">
          <reporter-output>
          </reporter-output>
        </test-method> <!-- afterTest -->
      </class> <!-- com.practice.sample.testscripts.VerifyProductAddToCartTest -->
      <class name="com.practice.sample.testscripts.PlaceOrderTest">
        <test-method is-config="true" signature="openBrowser()[pri:0, instance:com.practice.sample.testscripts.PlaceOrderTest@6a6cb05c]" started-at="2025-04-24T14:37:45 IST" name="openBrowser" finished-at="2025-04-24T14:37:47 IST" duration-ms="1878" status="PASS">
          <reporter-output>
          </reporter-output>
        </test-method> <!-- openBrowser -->
        <test-method signature="orderPlace()[pri:0, instance:com.practice.sample.testscripts.PlaceOrderTest@6a6cb05c]" started-at="2025-04-24T14:37:47 IST" name="orderPlace" finished-at="2025-04-24T14:37:54 IST" duration-ms="7070" status="PASS">
          <reporter-output>
          </reporter-output>
        </test-method> <!-- orderPlace -->
        <test-method is-config="true" signature="afterTest()[pri:0, instance:com.practice.sample.testscripts.PlaceOrderTest@6a6cb05c]" started-at="2025-04-24T14:37:54 IST" name="afterTest" finished-at="2025-04-24T14:37:55 IST" duration-ms="205" status="PASS">
          <reporter-output>
          </reporter-output>
        </test-method> <!-- afterTest -->
      </class> <!-- com.practice.sample.testscripts.PlaceOrderTest -->
    </test> <!-- Test -->
  </suite> <!-- Suite -->
</testng-results>
